\BOOKMARK [0][-]{bm:Title.0}{Title Page}{}% 1
\BOOKMARK [0][-]{section*.1}{Acknowledgments}{}% 2
\BOOKMARK [0][-]{bm:State.0}{Statement}{}% 3
\BOOKMARK [0][-]{section*.2}{Abstract}{}% 4
\BOOKMARK [0][-]{section*.3}{Table of Contents}{}% 5
\BOOKMARK [0][-]{section*.5}{List of Figures}{}% 6
\BOOKMARK [0][-]{section*.7}{List of Tables}{}% 7
\BOOKMARK [0][-]{chapter.1}{1 Introduction}{}% 8
\BOOKMARK [1][-]{section.1.1}{1.1 Neural networks: introduction}{chapter.1}% 9
\BOOKMARK [0][-]{chapter.2}{2 Background and Related Work}{}% 10
\BOOKMARK [1][-]{section.2.1}{2.1 Neural networks: explanation}{chapter.2}% 11
\BOOKMARK [2][-]{subsection.2.1.1}{2.1.1 Training}{section.2.1}% 12
\BOOKMARK [1][-]{section.2.2}{2.2 Stochastic numbers}{chapter.2}% 13
\BOOKMARK [1][-]{section.2.3}{2.3 Tensorflow}{chapter.2}% 14
\BOOKMARK [1][-]{section.2.4}{2.4 MNIST dataset}{chapter.2}% 15
\BOOKMARK [0][-]{chapter.3}{3 Preliminary results}{}% 16
\BOOKMARK [1][-]{section.3.1}{3.1 Stochastic numbers}{chapter.3}% 17
\BOOKMARK [0][-]{chapter.4}{4 Conclusions and Future Work}{}% 18
\BOOKMARK [1][-]{section.4.1}{4.1 Conclusions}{chapter.4}% 19
\BOOKMARK [0][-]{chapter.5}{5 Abbreviations}{}% 20
\BOOKMARK [0][-]{appendix.A}{A name of appendix A}{}% 21
\BOOKMARK [1][-]{section.A.1}{A.1 Overview}{appendix.A}% 22
\BOOKMARK [1][-]{section.A.2}{A.2 Name of this section}{appendix.A}% 23
\BOOKMARK [0][-]{appendix.B}{B name of appendix B}{}% 24
\BOOKMARK [1][-]{section.B.1}{B.1 Overview}{appendix.B}% 25
\BOOKMARK [1][-]{section.B.2}{B.2 Name of this section}{appendix.B}% 26
\BOOKMARK [0][-]{section*.13}{Bibliography}{}% 27
