This is pdfTeX, Version 3.14159265-2.6-1.40.20 (MiKTeX 2.9.7000 64-bit) (preloaded format=pdflatex 2019.4.16)  31 MAY 2019 23:17
entering extended mode
**./preliminary_thesis.tex
(preliminary_thesis.tex
LaTeX2e <2018-12-01>
(BYUPhys.cls
Document Class: BYUPhys 
("C:\Program Files\MiKTeX 2.9\tex/latex/base\book.cls"
Document Class: book 2018/09/03 v1.4i Standard LaTeX document class
("C:\Program Files\MiKTeX 2.9\tex/latex/base\bk12.clo"
File: bk12.clo 2018/09/03 v1.4i Standard LaTeX file (size option)
)
\c@part=\count80
\c@chapter=\count81
\c@section=\count82
\c@subsection=\count83
\c@subsubsection=\count84
\c@paragraph=\count85
\c@subparagraph=\count86
\c@figure=\count87
\c@table=\count88
\abovecaptionskip=\skip41
\belowcaptionskip=\skip42
\bibindent=\dimen102
)
("C:\Program Files\MiKTeX 2.9\tex/latex/tools\afterpage.sty"
Package: afterpage 2014/10/28 v1.08 After-Page Package (DPC)
\AP@output=\toks14
\AP@partial=\box27
\AP@footins=\box28
))
("C:\Program Files\MiKTeX 2.9\tex/generic/oberdiek\ifpdf.sty"
Package: ifpdf 2018/09/07 v3.3 Provides the ifpdf switch
)
("C:\Program Files\MiKTeX 2.9\tex/latex/graphics\graphicx.sty"
Package: graphicx 2017/06/01 v1.1a Enhanced LaTeX Graphics (DPC,SPQR)

("C:\Program Files\MiKTeX 2.9\tex/latex/graphics\keyval.sty"
Package: keyval 2014/10/28 v1.15 key=value parser (DPC)
\KV@toks@=\toks15
)
("C:\Program Files\MiKTeX 2.9\tex/latex/graphics\graphics.sty"
Package: graphics 2017/06/25 v1.2c Standard LaTeX Graphics (DPC,SPQR)

("C:\Program Files\MiKTeX 2.9\tex/latex/graphics\trig.sty"
Package: trig 2016/01/03 v1.10 sin cos tan (DPC)
)
("C:\Program Files\MiKTeX 2.9\tex/latex/graphics-cfg\graphics.cfg"
File: graphics.cfg 2016/06/04 v1.11 sample graphics configuration
)
Package graphics Info: Driver file: pdftex.def on input line 99.

("C:\Program Files\MiKTeX 2.9\tex/latex/graphics-def\pdftex.def"
File: pdftex.def 2018/01/08 v1.0l Graphics/color driver for pdftex
))
\Gin@req@height=\dimen103
\Gin@req@width=\dimen104
)
("C:\Users\James Ridey\AppData\Roaming\MiKTeX\2.9\tex/latex/fancyhdr\fancyhdr.s
ty"
Package: fancyhdr 2019/01/31 v3.10 Extensive control of page headers and footer
s
\f@nch@headwidth=\skip43
\f@nch@O@elh=\skip44
\f@nch@O@erh=\skip45
\f@nch@O@olh=\skip46
\f@nch@O@orh=\skip47
\f@nch@O@elf=\skip48
\f@nch@O@erf=\skip49
\f@nch@O@olf=\skip50
\f@nch@O@orf=\skip51
)

Package Fancyhdr Warning: \fancyhead's `E' option without twoside option is use
less on input line 70.


Package Fancyhdr Warning: \fancyhead's `E' option without twoside option is use
less on input line 71.

("C:\Users\James Ridey\AppData\Roaming\MiKTeX\2.9\tex/latex/cite\cite.sty"
LaTeX Info: Redefining \cite on input line 302.
LaTeX Info: Redefining \nocite on input line 332.
Package: cite 2015/02/27  v 5.5
)
("C:\Users\James Ridey\AppData\Roaming\MiKTeX\2.9\tex/latex/url\url.sty"
\Urlmuskip=\muskip10
Package: url 2013/09/16  ver 3.4  Verb mode for urls, etc.
)
("C:\Program Files\MiKTeX 2.9\tex/latex/amsmath\amsmath.sty"
Package: amsmath 2018/12/01 v2.17b AMS math features
\@mathmargin=\skip52

For additional information on amsmath, use the `?' option.
("C:\Program Files\MiKTeX 2.9\tex/latex/amsmath\amstext.sty"
Package: amstext 2000/06/29 v2.01 AMS text

("C:\Program Files\MiKTeX 2.9\tex/latex/amsmath\amsgen.sty"
File: amsgen.sty 1999/11/30 v2.0 generic functions
\@emptytoks=\toks16
\ex@=\dimen105
))
("C:\Program Files\MiKTeX 2.9\tex/latex/amsmath\amsbsy.sty"
Package: amsbsy 1999/11/29 v1.2d Bold Symbols
\pmbraise@=\dimen106
)
("C:\Program Files\MiKTeX 2.9\tex/latex/amsmath\amsopn.sty"
Package: amsopn 2016/03/08 v2.02 operator names
)
\inf@bad=\count89
LaTeX Info: Redefining \frac on input line 223.
\uproot@=\count90
\leftroot@=\count91
LaTeX Info: Redefining \overline on input line 385.
\classnum@=\count92
\DOTSCASE@=\count93
LaTeX Info: Redefining \ldots on input line 482.
LaTeX Info: Redefining \dots on input line 485.
LaTeX Info: Redefining \cdots on input line 606.
\Mathstrutbox@=\box29
\strutbox@=\box30
\big@size=\dimen107
LaTeX Font Info:    Redeclaring font encoding OML on input line 729.
LaTeX Font Info:    Redeclaring font encoding OMS on input line 730.
\macc@depth=\count94
\c@MaxMatrixCols=\count95
\dotsspace@=\muskip11
\c@parentequation=\count96
\dspbrk@lvl=\count97
\tag@help=\toks17
\row@=\count98
\column@=\count99
\maxfields@=\count100
\andhelp@=\toks18
\eqnshift@=\dimen108
\alignsep@=\dimen109
\tagshift@=\dimen110
\tagwidth@=\dimen111
\totwidth@=\dimen112
\lineht@=\dimen113
\@envbody=\toks19
\multlinegap=\skip53
\multlinetaggap=\skip54
\mathdisplay@stack=\toks20
LaTeX Info: Redefining \[ on input line 2844.
LaTeX Info: Redefining \] on input line 2845.
)
("C:\Program Files\MiKTeX 2.9\tex/latex/amsfonts\amssymb.sty"
Package: amssymb 2013/01/14 v3.01 AMS font symbols

("C:\Program Files\MiKTeX 2.9\tex/latex/amsfonts\amsfonts.sty"
Package: amsfonts 2013/01/14 v3.01 Basic AMSFonts support
\symAMSa=\mathgroup4
\symAMSb=\mathgroup5
LaTeX Font Info:    Overwriting math alphabet `\mathfrak' in version `bold'
(Font)                  U/euf/m/n --> U/euf/b/n on input line 106.
))
("C:\Users\James Ridey\AppData\Roaming\MiKTeX\2.9\tex/latex/subfigure\subfigure
.sty"
Package: subfigure 2002/07/30 v2.1.4 subfigure package
\subfigtopskip=\skip55
\subfigcapskip=\skip56
\subfigcaptopadj=\dimen114
\subfigbottomskip=\skip57
\subfigcapmargin=\dimen115
\subfiglabelskip=\skip58
\c@subfigure=\count101
\c@lofdepth=\count102
\c@subtable=\count103
\c@lotdepth=\count104

****************************************
* Local config file subfigure.cfg used *
****************************************

("C:\Users\James Ridey\AppData\Roaming\MiKTeX\2.9\tex/latex/subfigure\subfigure
.cfg")
\subfig@top=\skip59
\subfig@bottom=\skip60
) ("C:\Program Files\MiKTeX 2.9\tex/latex/amsmath\amsxtra.sty"
Package: amsxtra 1999/11/15 v1.2c AMS extra commands
LaTeX Info: Redefining \nobreakspace on input line 54.
)
("C:\Program Files\MiKTeX 2.9\tex/latex/multirow\multirow.sty"
Package: multirow 2019/01/01 v2.4 Span multiple rows of a table
\multirow@colwidth=\skip61
\multirow@cntb=\count105
\multirow@dima=\skip62
\bigstrutjot=\dimen116
)
("C:\Users\James Ridey\AppData\Roaming\MiKTeX\2.9\tex/latex/caption\caption.sty
"
Package: caption 2018/10/06 v3.3-154 Customizing captions (AR)

("C:\Users\James Ridey\AppData\Roaming\MiKTeX\2.9\tex/latex/caption\caption3.st
y"
Package: caption3 2018/09/12 v1.8c caption3 kernel (AR)
Package caption3 Info: TeX engine: e-TeX on input line 64.
\captionmargin=\dimen117
\captionmargin@=\dimen118
\captionwidth=\dimen119
\caption@tempdima=\dimen120
\caption@indent=\dimen121
\caption@parindent=\dimen122
\caption@hangindent=\dimen123
)
\c@caption@flags=\count106
\c@ContinuedFloat=\count107
Package caption Info: subfigure package is loaded.
) ("C:\Program Files\MiKTeX 2.9\tex/latex/tools\array.sty"
Package: array 2018/12/30 v2.4k Tabular extension package (FMi)
\col@sep=\dimen124
\ar@mcellbox=\box31
\extrarowheight=\dimen125
\NC@list=\toks21
\extratabsurround=\skip63
\backup@length=\skip64
\ar@cellbox=\box32
)
("C:\Program Files\MiKTeX 2.9\tex/latex/tools\verbatim.sty"
Package: verbatim 2014/10/28 v1.5q LaTeX2e package for verbatim enhancements
\every@verbatim=\toks22
\verbatim@line=\toks23
\verbatim@in@stream=\read1
)
("C:\Program Files\MiKTeX 2.9\tex/latex/tools\enumerate.sty"
Package: enumerate 2015/07/23 v3.00 enumerate extensions (DPC)
\@enLab=\toks24
)
("C:\Program Files\MiKTeX 2.9\tex/latex/hyperref\hyperref.sty"
Package: hyperref 2018/11/30 v6.88e Hypertext links for LaTeX

("C:\Program Files\MiKTeX 2.9\tex/generic/oberdiek\hobsub-hyperref.sty"
Package: hobsub-hyperref 2016/05/16 v1.14 Bundle oberdiek, subset hyperref (HO)


("C:\Program Files\MiKTeX 2.9\tex/generic/oberdiek\hobsub-generic.sty"
Package: hobsub-generic 2016/05/16 v1.14 Bundle oberdiek, subset generic (HO)
Package: hobsub 2016/05/16 v1.14 Construct package bundles (HO)
Package: infwarerr 2016/05/16 v1.4 Providing info/warning/error messages (HO)
Package: ltxcmds 2016/05/16 v1.23 LaTeX kernel commands for general use (HO)
Package: ifluatex 2016/05/16 v1.4 Provides the ifluatex switch (HO)
Package ifluatex Info: LuaTeX not detected.
Package: ifvtex 2016/05/16 v1.6 Detect VTeX and its facilities (HO)
Package ifvtex Info: VTeX not detected.
Package: intcalc 2016/05/16 v1.2 Expandable calculations with integers (HO)
Package hobsub Info: Skipping package `ifpdf' (already loaded).
Package: etexcmds 2016/05/16 v1.6 Avoid name clashes with e-TeX commands (HO)
Package: kvsetkeys 2016/05/16 v1.17 Key value parser (HO)
Package: kvdefinekeys 2016/05/16 v1.4 Define keys (HO)
Package: pdftexcmds 2018/09/10 v0.29 Utility functions of pdfTeX for LuaTeX (HO
)
Package pdftexcmds Info: LuaTeX not detected.
Package pdftexcmds Info: \pdf@primitive is available.
Package pdftexcmds Info: \pdf@ifprimitive is available.
Package pdftexcmds Info: \pdfdraftmode found.
Package: pdfescape 2016/05/16 v1.14 Implements pdfTeX's escape features (HO)
Package: bigintcalc 2016/05/16 v1.4 Expandable calculations on big integers (HO
)
Package: bitset 2016/05/16 v1.2 Handle bit-vector datatype (HO)
Package: uniquecounter 2016/05/16 v1.3 Provide unlimited unique counter (HO)
)
Package hobsub Info: Skipping package `hobsub' (already loaded).
Package: letltxmacro 2016/05/16 v1.5 Let assignment for LaTeX macros (HO)
Package: hopatch 2016/05/16 v1.3 Wrapper for package hooks (HO)
Package: xcolor-patch 2016/05/16 xcolor patch
Package: atveryend 2016/05/16 v1.9 Hooks at the very end of document (HO)
Package atveryend Info: \AP@enddocument detected (standard20110627).
Package: atbegshi 2016/06/09 v1.18 At begin shipout hook (HO)
Package: refcount 2016/05/16 v3.5 Data extraction from label references (HO)
Package: hycolor 2016/05/16 v1.8 Color options for hyperref/bookmark (HO)
)
("C:\Program Files\MiKTeX 2.9\tex/generic/ifxetex\ifxetex.sty"
Package: ifxetex 2010/09/12 v0.6 Provides ifxetex conditional
)
("C:\Program Files\MiKTeX 2.9\tex/latex/oberdiek\auxhook.sty"
Package: auxhook 2016/05/16 v1.4 Hooks for auxiliary files (HO)
)
("C:\Program Files\MiKTeX 2.9\tex/latex/oberdiek\kvoptions.sty"
Package: kvoptions 2016/05/16 v3.12 Key value format for package options (HO)
)
\@linkdim=\dimen126
\Hy@linkcounter=\count108
\Hy@pagecounter=\count109

("C:\Program Files\MiKTeX 2.9\tex/latex/hyperref\pd1enc.def"
File: pd1enc.def 2018/11/30 v6.88e Hyperref: PDFDocEncoding definition (HO)
Now handling font encoding PD1 ...
... no UTF-8 mapping file for font encoding PD1
)
\Hy@SavedSpaceFactor=\count110

("C:\Program Files\MiKTeX 2.9\tex/latex/00miktex\hyperref.cfg"
File: hyperref.cfg 2002/06/06 v1.2 hyperref configuration of TeXLive
)
Package hyperref Info: Option `bookmarksnumbered' set `true' on input line 4393
.
Package hyperref Info: Option `pdfpagelabels' set `true' on input line 4393.
Package hyperref Info: Option `plainpages' set `false' on input line 4393.
Package hyperref Info: Option `colorlinks' set `true' on input line 4393.
Package hyperref Info: Hyper figures OFF on input line 4519.
Package hyperref Info: Link nesting OFF on input line 4524.
Package hyperref Info: Hyper index ON on input line 4527.
Package hyperref Info: Plain pages OFF on input line 4534.
Package hyperref Info: Backreferencing OFF on input line 4539.
Package hyperref Info: Implicit mode ON; LaTeX internals redefined.
Package hyperref Info: Bookmarks ON on input line 4772.
\c@Hy@tempcnt=\count111
LaTeX Info: Redefining \url on input line 5125.
\XeTeXLinkMargin=\dimen127
\Fld@menulength=\count112
\Field@Width=\dimen128
\Fld@charsize=\dimen129
Package hyperref Info: Hyper figures OFF on input line 6380.
Package hyperref Info: Link nesting OFF on input line 6385.
Package hyperref Info: Hyper index ON on input line 6388.
Package hyperref Info: backreferencing OFF on input line 6395.
Package hyperref Info: Link coloring ON on input line 6398.
Package hyperref Info: Link coloring with OCG OFF on input line 6405.
Package hyperref Info: PDF/A mode OFF on input line 6410.
LaTeX Info: Redefining \ref on input line 6450.
LaTeX Info: Redefining \pageref on input line 6454.
\Hy@abspage=\count113
\c@Item=\count114
\c@Hfootnote=\count115
)
Package hyperref Info: Driver (autodetected): hpdftex.

("C:\Program Files\MiKTeX 2.9\tex/latex/hyperref\hpdftex.def"
File: hpdftex.def 2018/11/30 v6.88e Hyperref driver for pdfTeX
\Fld@listcount=\count116
\c@bookmark@seq@number=\count117

("C:\Program Files\MiKTeX 2.9\tex/latex/oberdiek\rerunfilecheck.sty"
Package: rerunfilecheck 2016/05/16 v1.8 Rerun checks for auxiliary files (HO)
Package uniquecounter Info: New unique counter `rerunfilecheck' on input line 2
82.
)
\Hy@SectionHShift=\skip65
)
("C:\Program Files\MiKTeX 2.9\tex/latex/float\float.sty"
Package: float 2001/11/08 v1.3d Float enhancements (AL)
\c@float@type=\count118
\float@exts=\toks25
\float@box=\box33
\@float@everytoks=\toks26
\@floatcapt=\box34
)
(preliminary_thesis.aux)
\openout1 = `preliminary_thesis.aux'.

LaTeX Font Info:    Checking defaults for OML/cmm/m/it on input line 209.
LaTeX Font Info:    ... okay on input line 209.
LaTeX Font Info:    Checking defaults for T1/cmr/m/n on input line 209.
LaTeX Font Info:    ... okay on input line 209.
LaTeX Font Info:    Checking defaults for OT1/cmr/m/n on input line 209.
LaTeX Font Info:    ... okay on input line 209.
LaTeX Font Info:    Checking defaults for OMS/cmsy/m/n on input line 209.
LaTeX Font Info:    ... okay on input line 209.
LaTeX Font Info:    Checking defaults for OMX/cmex/m/n on input line 209.
LaTeX Font Info:    ... okay on input line 209.
LaTeX Font Info:    Checking defaults for U/cmr/m/n on input line 209.
LaTeX Font Info:    ... okay on input line 209.
LaTeX Font Info:    Checking defaults for PD1/pdf/m/n on input line 209.
LaTeX Font Info:    ... okay on input line 209.

("C:\Users\James Ridey\AppData\Roaming\MiKTeX\2.9\tex/context/base/mkii\supp-pd
f.mkii"
[Loading MPS to PDF converter (version 2006.09.02).]
\scratchcounter=\count119
\scratchdimen=\dimen130
\scratchbox=\box35
\nofMPsegments=\count120
\nofMParguments=\count121
\everyMPshowfont=\toks27
\MPscratchCnt=\count122
\MPscratchDim=\dimen131
\MPnumerator=\count123
\makeMPintoPDFobject=\count124
\everyMPtoPDFconversion=\toks28
) ("C:\Program Files\MiKTeX 2.9\tex/latex/oberdiek\epstopdf-base.sty"
Package: epstopdf-base 2016/05/15 v2.6 Base part for package epstopdf

("C:\Program Files\MiKTeX 2.9\tex/latex/oberdiek\grfext.sty"
Package: grfext 2016/05/16 v1.2 Manage graphics extensions (HO)
)
Package epstopdf-base Info: Redefining graphics rule for `.eps' on input line 4
38.
Package grfext Info: Graphics extension search list:
(grfext)             [.pdf,.png,.jpg,.mps,.jpeg,.jbig2,.jb2,.PDF,.PNG,.JPG,.JPE
G,.JBIG2,.JB2,.eps]
(grfext)             \AppendGraphicsExtensions on input line 456.
)
Package caption Info: Begin \AtBeginDocument code.
Package caption Info: float package is loaded.
Package caption Info: hyperref package is loaded.
Package caption Info: End \AtBeginDocument code.
\AtBeginShipoutBox=\box36

("C:\Program Files\MiKTeX 2.9\tex/latex/graphics\color.sty"
Package: color 2016/07/10 v1.1e Standard LaTeX Color (DPC)

("C:\Program Files\MiKTeX 2.9\tex/latex/graphics-cfg\color.cfg"
File: color.cfg 2016/01/02 v1.6 sample color configuration
)
Package color Info: Driver file: pdftex.def on input line 147.
)
Package hyperref Info: Link coloring ON on input line 209.

("C:\Program Files\MiKTeX 2.9\tex/latex/hyperref\nameref.sty"
Package: nameref 2016/05/21 v2.44 Cross-referencing by name of section

("C:\Program Files\MiKTeX 2.9\tex/generic/oberdiek\gettitlestring.sty"
Package: gettitlestring 2016/05/16 v1.5 Cleanup title references (HO)
)
\c@section@level=\count125
)
LaTeX Info: Redefining \ref on input line 209.
LaTeX Info: Redefining \pageref on input line 209.
LaTeX Info: Redefining \nameref on input line 209.

(preliminary_thesis.out) (preliminary_thesis.out)
\@outlinefile=\write3
\openout3 = `preliminary_thesis.out'.


Overfull \hbox (9.40733pt too wide) in paragraph at lines 217--217
 [] 
 []

<MQlogo_stacked.pdf, id=139, 219.12566pt x 208.59329pt>
File: MQlogo_stacked.pdf Graphic file (type pdf)
<use MQlogo_stacked.pdf>
Package pdftex.def Info: MQlogo_stacked.pdf  used on input line 217.
(pdftex.def)             Requested size: 113.87912pt x 108.405pt.
[1


{C:/Users/James Ridey/AppData/Local/MiKTeX/2.9/pdftex/config/pdftex.map} <./MQl
ogo_stacked.pdf>] [2

] [3

] [4

] (preliminary_thesis.toc
LaTeX Font Info:    Try loading font information for U+msa on input line 7.

("C:\Program Files\MiKTeX 2.9\tex/latex/amsfonts\umsa.fd"
File: umsa.fd 2013/01/14 v3.01 AMS symbols A
)
LaTeX Font Info:    Try loading font information for U+msb on input line 7.

("C:\Program Files\MiKTeX 2.9\tex/latex/amsfonts\umsb.fd"
File: umsb.fd 2013/01/14 v3.01 AMS symbols B
) [5






])
\tf@toc=\write4
\openout4 = `preliminary_thesis.toc'.



Package Fancyhdr Warning: \headheight is too small (14.22636pt): 
Make it at least 14.49998pt.
We now make it that large for the rest of the document.
This may cause the page layout to be inconsistent, however.

[6] (preliminary_thesis.lof)
\tf@lof=\write5
\openout5 = `preliminary_thesis.lof'.

 [7



] (preliminary_thesis.lot)
\tf@lot=\write6
\openout6 = `preliminary_thesis.lot'.

 [8



]
Chapter 1.
[1




]
Chapter 2.
<pictures/neuron_model.png, id=273, 357.7365pt x 172.36395pt>
File: pictures/neuron_model.png Graphic file (type png)
<use pictures/neuron_model.png>
Package pdftex.def Info: pictures/neuron_model.png  used on input line 265.
(pdftex.def)             Requested size: 227.62204pt x 109.6708pt.
<pictures/sigmoid.png, id=274, 77.088pt x 51.3117pt>
File: pictures/sigmoid.png Graphic file (type png)
<use pictures/sigmoid.png>
Package pdftex.def Info: pictures/sigmoid.png  used on input line 273.
(pdftex.def)             Requested size: 227.62204pt x 151.52946pt.
[2

 <./pictures/neuron_model.png (PNG copy)>]
<pictures/neural_network_model.png, id=281, 1204.5pt x 1448.41125pt>
File: pictures/neural_network_model.png Graphic file (type png)
<use pictures/neural_network_model.png>
Package pdftex.def Info: pictures/neural_network_model.png  used on input line 
281.
(pdftex.def)             Requested size: 227.62204pt x 273.69814pt.
 [3 <./pictures/sigmoid.png>]
<pictures/gradient.png, id=289, 163.5711pt x 142.6128pt>
File: pictures/gradient.png Graphic file (type png)
<use pictures/gradient.png>
Package pdftex.def Info: pictures/gradient.png  used on input line 295.
(pdftex.def)             Requested size: 170.71652pt x 148.8491pt.

[4 <./pictures/neural_network_model.png>]
<pictures/global_minima.png, id=296, 316.7835pt x 188.50426pt>
File: pictures/global_minima.png Graphic file (type png)
<use pictures/global_minima.png>
Package pdftex.def Info: pictures/global_minima.png  used on input line 304.
(pdftex.def)             Requested size: 284.52756pt x 169.30997pt.
 [5 <./pictures/gradient.png>]
[6 <./pictures/global_minima.png>]
<pictures/mnist.png, id=313, 596.2275pt x 362.35374pt>
File: pictures/mnist.png Graphic file (type png)
<use pictures/mnist.png>
Package pdftex.def Info: pictures/mnist.png  used on input line 330.
(pdftex.def)             Requested size: 227.62204pt x 138.33722pt.
<pictures/mnist_incorrect.png, id=316, 383.4325pt x 369.38pt>
File: pictures/mnist_incorrect.png Graphic file (type png)
<use pictures/mnist_incorrect.png>
Package pdftex.def Info: pictures/mnist_incorrect.png  used on input line 340.
(pdftex.def)             Requested size: 227.62204pt x 219.285pt.
 [7 <./pictures/mnist.png>] [8 <./pictures/mnist_incorrect.png (PNG copy)>]
Chapter 3.
<results/bitsize.png, id=329, 602.25pt x 372.39125pt>
File: results/bitsize.png Graphic file (type png)
<use results/bitsize.png>
Package pdftex.def Info: results/bitsize.png  used on input line 376.
(pdftex.def)             Requested size: 341.43306pt x 211.12877pt.
[9

]
<results/noise_test.png, id=343, 725.71124pt x 448.67625pt>
File: results/noise_test.png Graphic file (type png)
<use results/noise_test.png>
Package pdftex.def Info: results/noise_test.png  used on input line 388.
(pdftex.def)             Requested size: 341.43306pt x 211.09694pt.
 [10 <./results/bitsize.png>]
<results/stochastic_layer_pass_inverted.png, id=349, 462.528pt x 346.896pt>
File: results/stochastic_layer_pass_inverted.png Graphic file (type png)
<use results/stochastic_layer_pass_inverted.png>
Package pdftex.def Info: results/stochastic_layer_pass_inverted.png  used on in
put line 398.
(pdftex.def)             Requested size: 227.62204pt x 170.71628pt.
<results/stochastic_layer_pass_corrected.png, id=350, 462.528pt x 346.896pt>
File: results/stochastic_layer_pass_corrected.png Graphic file (type png)
<use results/stochastic_layer_pass_corrected.png>
Package pdftex.def Info: results/stochastic_layer_pass_corrected.png  used on i
nput line 405.
(pdftex.def)             Requested size: 227.62204pt x 170.71628pt.
 [11 <./results/noise_test.png> <./results/stochastic_layer_pass_inverted.png>]
<results/bitsize_corrected.png, id=358, 725.71124pt x 448.67625pt>
File: results/bitsize_corrected.png Graphic file (type png)
<use results/bitsize_corrected.png>
Package pdftex.def Info: results/bitsize_corrected.png  used on input line 413.

(pdftex.def)             Requested size: 341.43306pt x 211.09694pt.
<results/normal_inverted.png, id=359, 725.71124pt x 448.67625pt>
File: results/normal_inverted.png Graphic file (type png)
<use results/normal_inverted.png>
Package pdftex.def Info: results/normal_inverted.png  used on input line 421.
(pdftex.def)             Requested size: 341.43306pt x 211.09694pt.
 [12 <./results/stochastic_layer_pass_corrected.png> <./results/bitsize_correct
ed.png>]
<results/noise_shuffle.png, id=366, 602.25pt x 372.39125pt>
File: results/noise_shuffle.png Graphic file (type png)
<use results/noise_shuffle.png>
Package pdftex.def Info: results/noise_shuffle.png  used on input line 430.
(pdftex.def)             Requested size: 341.43306pt x 211.12877pt.
<results/reduced_dataset.png, id=367, 804.00375pt x 496.85625pt>
File: results/reduced_dataset.png Graphic file (type png)
<use results/reduced_dataset.png>
Package pdftex.def Info: results/reduced_dataset.png  used on input line 440.
(pdftex.def)             Requested size: 341.43306pt x 210.99811pt.
 [13 <./results/normal_inverted.png> <./results/noise_shuffle.png>]
<results/epoch.png, id=374, 860.21375pt x 531.9875pt>
File: results/epoch.png Graphic file (type png)
<use results/epoch.png>
Package pdftex.def Info: results/epoch.png  used on input line 450.
(pdftex.def)             Requested size: 341.43306pt x 211.15962pt.
 [14 <./results/reduced_dataset.png>] [15 <./results/epoch.png>]
<results/conv2d.png, id=396, 1379.1525pt x 852.18375pt>
File: results/conv2d.png Graphic file (type png)
<use results/conv2d.png>
Package pdftex.def Info: results/conv2d.png  used on input line 484.
(pdftex.def)             Requested size: 227.62204pt x 140.64325pt.
<results/dense_layer.png, id=397, 1144.275pt x 707.64375pt>
File: results/dense_layer.png Graphic file (type png)
<use results/dense_layer.png>
Package pdftex.def Info: results/dense_layer.png  used on input line 494.
(pdftex.def)             Requested size: 227.62204pt x 140.7596pt.
 [16 <./results/conv2d.png> <./results/dense_layer.png>] [17]
Chapter 4.
[18

]
Chapter 5.
(preliminary_thesis.bbl [19



])
Package atveryend Info: Empty hook `BeforeClearDocument' on input line 539.
 [20

]
Package atveryend Info: Empty hook `AfterLastShipout' on input line 539.
 (preliminary_thesis.aux)
Package atveryend Info: Executing hook `AtVeryEndDocument' on input line 539.
Package atveryend Info: Executing hook `AtEndAfterFileList' on input line 539.


Package rerunfilecheck Warning: File `preliminary_thesis.out' has changed.
(rerunfilecheck)                Rerun to get outlines right
(rerunfilecheck)                or use package `bookmark'.

Package rerunfilecheck Info: Checksums for `preliminary_thesis.out':
(rerunfilecheck)             Before: 1F19B4327DC73CA5ACD59910B63CBB3C;2245
(rerunfilecheck)             After:  02E294B927F99486E19DC33A5C1F2A10;2184.
Package atveryend Info: Empty hook `AtVeryVeryEnd' on input line 539.
 ) 
Here is how much of TeX's memory you used:
 7976 strings out of 492902
 119294 string characters out of 3133530
 213951 words of memory out of 3000000
 11641 multiletter control sequences out of 15000+200000
 11408 words of font info for 42 fonts, out of 3000000 for 9000
 1141 hyphenation exceptions out of 8191
 36i,12n,43p,805b,410s stack positions out of 5000i,500n,10000p,200000b,50000s
pdfTeX warning (dest): name{bm:DepAp.0} has been referenced but does not exis
t, replaced by a fixed one

pdfTeX warning (dest): name{bm:Copyright.0} has been referenced but does not ex
ist, replaced by a fixed one

<C:/Program Files/MiKTeX 2.9/fonts/type1/public/amsfonts/cm/cmbx12.pfb><C:/Prog
ram Files/MiKTeX 2.9/fonts/type1/public/amsfonts/cm/cmmi12.pfb><C:/Program File
s/MiKTeX 2.9/fonts/type1/public/amsfonts/cm/cmr12.pfb><C:/Program Files/MiKTeX 
2.9/fonts/type1/public/amsfonts/cm/cmr8.pfb><C:/Program Files/MiKTeX 2.9/fonts/
type1/public/amsfonts/cm/cmsl12.pfb><C:/Program Files/MiKTeX 2.9/fonts/type1/pu
blic/amsfonts/cm/cmti12.pfb>
Output written on preliminary_thesis.pdf (28 pages, 862872 bytes).
PDF statistics:
 484 PDF objects out of 1000 (max. 8388607)
 119 named destinations out of 1000 (max. 500000)
 368 words of extra memory for PDF output out of 10000 (max. 10000000)

